<?xml version="1.0" encoding="UTF-8"?>
<!-- Generated by org.testng.reporters.JUnitReportReporter -->
<testsuite hostname="20220643-Prabhdeep" failures="0" tests="1" name="mavenforjenkins.UITest" time="9.175" errors="0" timestamp="2023-02-20T11:30:52 NZDT" skipped="0">
  <testcase classname="mavenforjenkins.UITest" name="startBrowser" time="9.175"/>
  <system-out/>
</testsuite> <!-- mavenforjenkins.UITest -->
